2025-08-04 13:57:52,547 - INFO - siccessfully read the yaml file 
2025-08-04 13:57:52,548 - INFO - Data Ingestion started with bucketn007 and file is Hotel_Reservations.csv
2025-08-04 13:57:52,548 - INFO - Starting data ingestion process
2025-08-04 13:57:55,439 - INFO - Raw file downloaded to artifacts/raw/raw.csv
2025-08-04 13:57:55,439 - INFO - Starting the splitting process
2025-08-04 13:57:55,598 - INFO - Train data saved to artifacts/raw/train.csv
2025-08-04 13:57:55,598 - INFO - Test data saved to artifacts/raw/test.csv
2025-08-04 13:57:55,599 - INFO - Data ingestion completed successfully
2025-08-04 13:57:55,599 - INFO - Data ingestion process finished
2025-08-04 13:57:55,600 - INFO - siccessfully read the yaml file 
2025-08-04 13:57:55,600 - INFO - Loading data from RAW directory
2025-08-04 13:57:55,600 - INFO - Loading data
2025-08-04 13:57:55,633 - INFO - Loading data
2025-08-04 13:57:55,641 - INFO - Starting our Data Processing step
2025-08-04 13:57:55,641 - INFO - Dropping the columns
2025-08-04 13:57:55,653 - INFO - Applying Label Encoding
2025-08-04 13:57:55,661 - INFO - Label Mappings are : 
2025-08-04 13:57:55,661 - INFO - type_of_meal_plan : {'Meal Plan 1': np.int64(0), 'Meal Plan 2': np.int64(1), 'Meal Plan 3': np.int64(2), 'Not Selected': np.int64(3)}
2025-08-04 13:57:55,661 - INFO - required_car_parking_space : {np.int64(0): np.int64(0), np.int64(1): np.int64(1)}
2025-08-04 13:57:55,662 - INFO - room_type_reserved : {'Room_Type 1': np.int64(0), 'Room_Type 2': np.int64(1), 'Room_Type 3': np.int64(2), 'Room_Type 4': np.int64(3), 'Room_Type 5': np.int64(4), 'Room_Type 6': np.int64(5), 'Room_Type 7': np.int64(6)}
2025-08-04 13:57:55,662 - INFO - market_segment_type : {'Aviation': np.int64(0), 'Complementary': np.int64(1), 'Corporate': np.int64(2), 'Offline': np.int64(3), 'Online': np.int64(4)}
2025-08-04 13:57:55,662 - INFO - repeated_guest : {np.int64(0): np.int64(0), np.int64(1): np.int64(1)}
2025-08-04 13:57:55,662 - INFO - booking_status : {'Canceled': np.int64(0), 'Not_Canceled': np.int64(1)}
2025-08-04 13:57:55,662 - INFO - Doing Skewness HAndling
2025-08-04 13:57:55,664 - INFO - Starting our Data Processing step
2025-08-04 13:57:55,664 - INFO - Dropping the columns
2025-08-04 13:57:55,667 - INFO - Applying Label Encoding
2025-08-04 13:57:55,670 - INFO - Label Mappings are : 
2025-08-04 13:57:55,670 - INFO - type_of_meal_plan : {'Meal Plan 1': np.int64(0), 'Meal Plan 2': np.int64(1), 'Meal Plan 3': np.int64(2), 'Not Selected': np.int64(3)}
2025-08-04 13:57:55,670 - INFO - required_car_parking_space : {np.int64(0): np.int64(0), np.int64(1): np.int64(1)}
2025-08-04 13:57:55,670 - INFO - room_type_reserved : {'Room_Type 1': np.int64(0), 'Room_Type 2': np.int64(1), 'Room_Type 3': np.int64(2), 'Room_Type 4': np.int64(3), 'Room_Type 5': np.int64(4), 'Room_Type 6': np.int64(5), 'Room_Type 7': np.int64(6)}
2025-08-04 13:57:55,670 - INFO - market_segment_type : {'Aviation': np.int64(0), 'Complementary': np.int64(1), 'Corporate': np.int64(2), 'Offline': np.int64(3), 'Online': np.int64(4)}
2025-08-04 13:57:55,670 - INFO - repeated_guest : {np.int64(0): np.int64(0), np.int64(1): np.int64(1)}
2025-08-04 13:57:55,670 - INFO - booking_status : {'Canceled': np.int64(0), 'Not_Canceled': np.int64(1)}
2025-08-04 13:57:55,670 - INFO - Doing Skewness HAndling
2025-08-04 13:57:55,671 - INFO - Handling Imbalanced Data
2025-08-04 13:57:55,785 - INFO - Data balanced sucesffuly
2025-08-04 13:57:55,786 - INFO - Handling Imbalanced Data
2025-08-04 13:57:55,796 - INFO - Data balanced sucesffuly
2025-08-04 13:57:55,796 - INFO - Starting our Feature selection step
2025-08-04 13:57:58,167 - INFO - Features selected : ['lead_time' 'no_of_special_requests' 'avg_price_per_room' 'arrival_month'
 'arrival_date' 'market_segment_type' 'no_of_week_nights'
 'no_of_weekend_nights' 'type_of_meal_plan' 'room_type_reserved']
2025-08-04 13:57:58,169 - INFO - Feature slection completed sucesfully
2025-08-04 13:57:58,175 - INFO - Saving our data in processed folder
2025-08-04 13:57:58,222 - INFO - Data saved sucesfuly to artifacts/processed/processed_train.csv
2025-08-04 13:57:58,222 - INFO - Saving our data in processed folder
2025-08-04 13:57:58,237 - INFO - Data saved sucesfuly to artifacts/processed/processed_test.csv
2025-08-04 13:57:58,237 - INFO - Data processing completed sucesfully
2025-08-04 13:57:58,621 - INFO - Starting our Model Training pipeline
2025-08-04 13:57:58,621 - INFO - Starting our MLFLOW experimentation
2025-08-04 13:57:58,621 - INFO - Logging the training and testing datset to MLFLOW
2025-08-04 13:57:58,624 - INFO - Loading data from the artifacts/processed/processed_train.csv
2025-08-04 13:57:58,624 - INFO - Loading data
2025-08-04 13:57:58,639 - INFO - Loading data from artifacts/processed/processed_test.csv
2025-08-04 13:57:58,639 - INFO - Loading data
2025-08-04 13:57:58,647 - INFO - Data splitted successfully for model training
2025-08-04 13:57:58,647 - INFO - Initializing our model
2025-08-04 13:57:58,647 - INFO - Starting our Hyperparamter tuning
2025-08-04 13:58:09,713 - INFO - Hyperparamter tuning completed
2025-08-04 13:58:09,713 - INFO - Best paramters are : {'boosting_type': 'gbdt', 'learning_rate': np.float64(0.1293700315892974), 'max_depth': 28, 'n_estimators': 314, 'num_leaves': 94}
2025-08-04 13:58:09,713 - INFO - Evaluating our model
2025-08-04 13:58:09,757 - INFO - Accuracy Score : 0.8803804994054697
2025-08-04 13:58:09,757 - INFO - Precision Score : 0.8667736757624398
2025-08-04 13:58:09,757 - INFO - Recall Score : 0.8989298454221165
2025-08-04 13:58:09,757 - INFO - F1 Score : 0.8825589540042027
2025-08-04 13:58:09,757 - INFO - saving the model
2025-08-04 13:58:09,779 - INFO - Model saved to artifacts/model/lgbm_model.pkl
2025-08-04 13:58:09,779 - INFO - Logging the model into MLFLOW
2025-08-04 13:58:09,783 - INFO - Logging Params and metrics to MLFLOW
2025-08-04 13:58:09,790 - INFO - Model Training sucesfullly completed
